# JRE version: 7.0_11-b21
# Java VM: Java HotSpot(TM) 64-Bit Server VM (23.6-b04 mixed mode windows-amd64 compressed oops)
Heap
 PSYoungGen      total 91648K, used 81650K [0x00000000fa000000, 0x0000000100000000, 0x0000000100000000)
  eden space 86016K, 90% used [0x00000000fa000000,0x00000000febd8740,0x00000000ff400000)
  from space 5632K, 70% used [0x00000000ffa80000,0x00000000ffe64318,0x0000000100000000)
  to   space 6144K, 0% used [0x00000000ff400000,0x00000000ff400000,0x00000000ffa00000)
 ParOldGen       total 65216K, used 46179K [0x00000000e8000000, 0x00000000ebfb0000, 0x00000000fa000000)
  object space 65216K, 70% used [0x00000000e8000000,0x00000000ead18c58,0x00000000ebfb0000)
 PSPermGen       total 92864K, used 49131K [0x00000000e0000000, 0x00000000e5ab0000, 0x00000000e8000000)
  object space 92864K, 52% used [0x00000000e0000000,0x00000000e2ffaf08,0x00000000e5ab0000)
GC Heap History (10 events):
Event: 7.611 GC heap before
{Heap before GC invocations=19 (full 0):
 PSYoungGen      total 92416K, used 90007K [0x00000000fa000000, 0x00000000fff90000, 0x0000000100000000)
  eden space 86976K, 100% used [0x00000000fa000000,0x00000000ff4f0000,0x00000000ff4f0000)
  from space 5440K, 55% used [0x00000000ffa40000,0x00000000ffd35e28,0x00000000fff90000)
  to   space 5440K, 0% used [0x00000000ff4f0000,0x00000000ff4f0000,0x00000000ffa40000)
 ParOldGen       total 49152K, used 24698K [0x00000000e8000000, 0x00000000eb000000, 0x00000000fa000000)
  object space 49152K, 50% used [0x00000000e8000000,0x00000000e981e960,0x00000000eb000000)
 PSPermGen       total 44288K, used 44129K [0x00000000e0000000, 0x00000000e2b40000, 0x00000000e8000000)
  object space 44288K, 99% used [0x00000000e0000000,0x00000000e2b18680,0x00000000e2b40000)
Event: 7.616 GC heap after
Heap after GC invocations=19 (full 0):
 PSYoungGen      total 92416K, used 3458K [0x00000000fa000000, 0x00000000fffa0000, 0x0000000100000000)
  eden space 86976K, 0% used [0x00000000fa000000,0x00000000fa000000,0x00000000ff4f0000)
  from space 5440K, 63% used [0x00000000ff4f0000,0x00000000ff8509e8,0x00000000ffa40000)
  to   space 5248K, 0% used [0x00000000ffa80000,0x00000000ffa80000,0x00000000fffa0000)
 ParOldGen       total 49152K, used 25834K [0x00000000e8000000, 0x00000000eb000000, 0x00000000fa000000)
  object space 49152K, 52% used [0x00000000e8000000,0x00000000e993a8c8,0x00000000eb000000)
 PSPermGen       total 44288K, used 44129K [0x00000000e0000000, 0x00000000e2b40000, 0x00000000e8000000)
  object space 44288K, 99% used [0x00000000e0000000,0x00000000e2b18680,0x00000000e2b40000)
}
Event: 8.335 GC heap before
{Heap before GC invocations=20 (full 0):
 PSYoungGen      total 92416K, used 90434K [0x00000000fa000000, 0x00000000fffa0000, 0x0000000100000000)
  eden space 86976K, 100% used [0x00000000fa000000,0x00000000ff4f0000,0x00000000ff4f0000)
  from space 5440K, 63% used [0x00000000ff4f0000,0x00000000ff8509e8,0x00000000ffa40000)
  to   space 5248K, 0% used [0x00000000ffa80000,0x00000000ffa80000,0x00000000fffa0000)
 ParOldGen       total 49152K, used 25834K [0x00000000e8000000, 0x00000000eb000000, 0x00000000fa000000)
  object space 49152K, 52% used [0x00000000e8000000,0x00000000e993a8c8,0x00000000eb000000)
 PSPermGen       total 46592K, used 46427K [0x00000000e0000000, 0x00000000e2d80000, 0x00000000e8000000)
  object space 46592K, 99% used [0x00000000e0000000,0x00000000e2d56d50,0x00000000e2d80000)
Event: 8.392 GC heap after
Heap after GC invocations=20 (full 0):
 PSYoungGen      total 92416K, used 4368K [0x00000000fa000000, 0x0000000100000000, 0x0000000100000000)
  eden space 87168K, 0% used [0x00000000fa000000,0x00000000fa000000,0x00000000ff520000)
  from space 5248K, 83% used [0x00000000ffa80000,0x00000000ffec4190,0x00000000fffa0000)
  to   space 5504K, 0% used [0x00000000ff520000,0x00000000ff520000,0x00000000ffa80000)
 ParOldGen       total 55680K, used 52046K [0x00000000e8000000, 0x00000000eb660000, 0x00000000fa000000)
  object space 55680K, 93% used [0x00000000e8000000,0x00000000eb2d3b90,0x00000000eb660000)
 PSPermGen       total 46592K, used 46427K [0x00000000e0000000, 0x00000000e2d80000, 0x00000000e8000000)
  object space 46592K, 99% used [0x00000000e0000000,0x00000000e2d56d50,0x00000000e2d80000)
}
Event: 8.392 GC heap before
{Heap before GC invocations=21 (full 1):
 PSYoungGen      total 92416K, used 4368K [0x00000000fa000000, 0x0000000100000000, 0x0000000100000000)
  eden space 87168K, 0% used [0x00000000fa000000,0x00000000fa000000,0x00000000ff520000)
  from space 5248K, 83% used [0x00000000ffa80000,0x00000000ffec4190,0x00000000fffa0000)
  to   space 5504K, 0% used [0x00000000ff520000,0x00000000ff520000,0x00000000ffa80000)
 ParOldGen       total 55680K, used 52046K [0x00000000e8000000, 0x00000000eb660000, 0x00000000fa000000)
  object space 55680K, 93% used [0x00000000e8000000,0x00000000eb2d3b90,0x00000000eb660000)
 PSPermGen       total 46592K, used 46427K [0x00000000e0000000, 0x00000000e2d80000, 0x00000000e8000000)
  object space 46592K, 99% used [0x00000000e0000000,0x00000000e2d56d50,0x00000000e2d80000)
Event: 8.520 GC heap after
Heap after GC invocations=21 (full 1):
 PSYoungGen      total 92416K, used 0K [0x00000000fa000000, 0x0000000100000000, 0x0000000100000000)
  eden space 87168K, 0% used [0x00000000fa000000,0x00000000fa000000,0x00000000ff520000)
  from space 5248K, 0% used [0x00000000ffa80000,0x00000000ffa80000,0x00000000fffa0000)
  to   space 5504K, 0% used [0x00000000ff520000,0x00000000ff520000,0x00000000ffa80000)
 ParOldGen       total 65216K, used 36094K [0x00000000e8000000, 0x00000000ebfb0000, 0x00000000fa000000)
  object space 65216K, 55% used [0x00000000e8000000,0x00000000ea33f848,0x00000000ebfb0000)
 PSPermGen       total 92864K, used 46409K [0x00000000e0000000, 0x00000000e5ab0000, 0x00000000e8000000)
  object space 92864K, 49% used [0x00000000e0000000,0x00000000e2d52420,0x00000000e5ab0000)
}
Event: 9.002 GC heap before
{Heap before GC invocations=22 (full 1):
 PSYoungGen      total 92416K, used 87168K [0x00000000fa000000, 0x0000000100000000, 0x0000000100000000)
  eden space 87168K, 100% used [0x00000000fa000000,0x00000000ff520000,0x00000000ff520000)
  from space 5248K, 0% used [0x00000000ffa80000,0x00000000ffa80000,0x00000000fffa0000)
  to   space 5504K, 0% used [0x00000000ff520000,0x00000000ff520000,0x00000000ffa80000)
 ParOldGen       total 65216K, used 36094K [0x00000000e8000000, 0x00000000ebfb0000, 0x00000000fa000000)
  object space 65216K, 55% used [0x00000000e8000000,0x00000000ea33f848,0x00000000ebfb0000)
 PSPermGen       total 92864K, used 47897K [0x00000000e0000000, 0x00000000e5ab0000, 0x00000000e8000000)
  object space 92864K, 51% used [0x00000000e0000000,0x00000000e2ec6638,0x00000000e5ab0000)
Event: 9.005 GC heap after
Heap after GC invocations=22 (full 1):
 PSYoungGen      total 92672K, used 5473K [0x00000000fa000000, 0x0000000100000000, 0x0000000100000000)
  eden space 87168K, 0% used [0x00000000fa000000,0x00000000fa000000,0x00000000ff520000)
  from space 5504K, 99% used [0x00000000ff520000,0x00000000ffa78570,0x00000000ffa80000)
  to   space 5632K, 0% used [0x00000000ffa80000,0x00000000ffa80000,0x0000000100000000)
 ParOldGen       total 65216K, used 36710K [0x00000000e8000000, 0x00000000ebfb0000, 0x00000000fa000000)
  object space 65216K, 56% used [0x00000000e8000000,0x00000000ea3d9ad8,0x00000000ebfb0000)
 PSPermGen       total 92864K, used 47897K [0x00000000e0000000, 0x00000000e5ab0000, 0x00000000e8000000)
  object space 92864K, 51% used [0x00000000e0000000,0x00000000e2ec6638,0x00000000e5ab0000)
}
Event: 9.297 GC heap before
{Heap before GC invocations=23 (full 1):
 PSYoungGen      total 92672K, used 92641K [0x00000000fa000000, 0x0000000100000000, 0x0000000100000000)
  eden space 87168K, 100% used [0x00000000fa000000,0x00000000ff520000,0x00000000ff520000)
  from space 5504K, 99% used [0x00000000ff520000,0x00000000ffa78570,0x00000000ffa80000)
  to   space 5632K, 0% used [0x00000000ffa80000,0x00000000ffa80000,0x0000000100000000)
 ParOldGen       total 65216K, used 36710K [0x00000000e8000000, 0x00000000ebfb0000, 0x00000000fa000000)
  object space 65216K, 56% used [0x00000000e8000000,0x00000000ea3d9ad8,0x00000000ebfb0000)
 PSPermGen       total 92864K, used 48401K [0x00000000e0000000, 0x00000000e5ab0000, 0x00000000e8000000)
  object space 92864K, 52% used [0x00000000e0000000,0x00000000e2f447b8,0x00000000e5ab0000)
Event: 9.302 GC heap after
Heap after GC invocations=23 (full 1):
 PSYoungGen      total 91648K, used 3984K [0x00000000fa000000, 0x0000000100000000, 0x0000000100000000)
  eden space 86016K, 0% used [0x00000000fa000000,0x00000000fa000000,0x00000000ff400000)
  from space 5632K, 70% used [0x00000000ffa80000,0x00000000ffe64318,0x0000000100000000)
  to   space 6144K, 0% used [0x00000000ff400000,0x00000000ff400000,0x00000000ffa00000)
 ParOldGen       total 65216K, used 46179K [0x00000000e8000000, 0x00000000ebfb0000, 0x00000000fa000000)
  object space 65216K, 70% used [0x00000000e8000000,0x00000000ead18c58,0x00000000ebfb0000)
 PSPermGen       total 92864K, used 48401K [0x00000000e0000000, 0x00000000e5ab0000, 0x00000000e8000000)
  object space 92864K, 52% used [0x00000000e0000000,0x00000000e2f447b8,0x00000000e5ab0000)
}

